<?xml version="1.0" encoding="UTF-8"?>
<!-- Generated by org.testng.reporters.JUnitReportReporter -->
<testsuite hostname="192.168.1.25" failures="0" tests="1" name="prueba.pruebaTest" time="17.532" errors="0" timestamp="2024-01-24T19:20:40 CST" skipped="0">
  <testcase classname="prueba.pruebaTest" name="f" time="17.532"/>
  <system-out/>
</testsuite> <!-- prueba.pruebaTest -->
