<?xml version="1.0" encoding="UTF-8"?>
<!-- Generated by org.testng.reporters.JUnitReportReporter -->
<testsuite hostname="192.168.1.25" failures="0" tests="1" name="LoginTestCases.TC01_Login" time="2.178" errors="0" timestamp="2024-02-10T13:42:57 CST" skipped="0">
  <testcase classname="LoginTestCases.TC01_Login" name="fTC01" time="2.178"/>
  <system-out/>
</testsuite> <!-- LoginTestCases.TC01_Login -->
