<?xml version="1.0" encoding="UTF-8"?>
<!-- Generated by org.testng.reporters.JUnitReportReporter -->
<testsuite hostname="192.168.1.25" failures="0" tests="1" name="prueba.Hard_assertion" time="9.764" errors="0" timestamp="2024-02-10T09:34:52 CST" skipped="0">
  <testcase classname="prueba.Hard_assertion" name="f" time="9.764"/>
  <system-out/>
</testsuite> <!-- prueba.Hard_assertion -->
